<?xml version="1.0" encoding="UTF-8"?>
<!-- Generated by org.testng.reporters.JUnitReportReporter -->
<testsuite hostname="DESKTOP-S2K8OFI" failures="0" tests="3" name="Practice.NewTest" time="6.654" errors="0" timestamp="2023-08-14T12:19:17 IST" skipped="0">
  <testcase classname="Practice.NewTest" name="openApp" time="5.247"/>
  <system-out/>
  <testcase classname="Practice.NewTest" name="login" time="1.406"/>
  <system-out/>
  <testcase classname="Practice.NewTest" name="close" time="0.001"/>
  <system-out/>
</testsuite> <!-- Practice.NewTest -->
