<?xml version="1.0" encoding="UTF-8"?>
<!-- Generated by org.testng.reporters.JUnitReportReporter -->
<testsuite hostname="DESKTOP-S2K8OFI" failures="0" tests="1" name="testNgDemo.Second" time="0.001" errors="0" timestamp="2023-08-14T14:21:10 IST" skipped="0">
  <testcase classname="testNgDemo.Second" name="open" time="0.001"/>
  <system-out/>
</testsuite> <!-- testNgDemo.Second -->
