<?xml version="1.0" encoding="UTF-8"?>
<!-- Generated by org.testng.reporters.JUnitReportReporter -->
<testsuite hostname="DESKTOP-S2K8OFI" failures="0" tests="3" name="testNgDemo.Demo3" time="0.018" errors="0" timestamp="2023-08-14T15:06:21 IST" skipped="0">
  <testcase classname="testNgDemo.Demo3" name="hh" time="0.015"/>
  <system-out/>
  <testcase classname="testNgDemo.Demo3" name="zz" time="0.001"/>
  <system-out/>
  <testcase classname="testNgDemo.Demo3" name="ff" time="0.002"/>
  <system-out/>
</testsuite> <!-- testNgDemo.Demo3 -->
