<?xml version="1.0" encoding="UTF-8"?>
<!-- Generated by org.testng.reporters.JUnitReportReporter -->
<testsuite hostname="DESKTOP-S2K8OFI" failures="0" tests="1" name="testNgDemo.Demo2" time="0.014" errors="0" timestamp="2023-08-14T14:56:29 IST" skipped="0">
  <testcase classname="testNgDemo.Demo2" name="data2" time="0.014"/>
  <system-out/>
</testsuite> <!-- testNgDemo.Demo2 -->
