<?xml version="1.0" encoding="UTF-8"?>
<!-- Generated by org.testng.reporters.JUnitReportReporter -->
<testsuite hostname="DESKTOP-S2K8OFI" failures="0" tests="4" name="testNgDemo.Demo1" time="0.017" errors="0" timestamp="2023-08-14T15:13:41 IST" skipped="1">
  <testcase classname="testNgDemo.Demo1" name="method" time="0.003"/>
  <system-out/>
  <testcase classname="testNgDemo.Demo1" name="testCase2" time="0.013"/>
  <system-out/>
  <testcase classname="testNgDemo.Demo1" name="testCase3" time="0.001"/>
  <system-out/>
  <testcase classname="testNgDemo.Demo1" name="testCase1">
    <skipped/>
  </testcase> <!-- testCase1 -->
  <system-out/>
</testsuite> <!-- testNgDemo.Demo1 -->
