<?xml version="1.0" encoding="UTF-8"?>
<!-- Generated by org.testng.reporters.JUnitReportReporter -->
<testsuite hostname="DESKTOP-S2K8OFI" failures="0" tests="2" name="testNgDemo.NewTest" time="6.683" errors="0" timestamp="2023-08-14T14:21:10 IST" skipped="0">
  <testcase classname="testNgDemo.NewTest" name="openApp" time="5.132"/>
  <system-out/>
  <testcase classname="testNgDemo.NewTest" name="login" time="1.551"/>
  <system-out/>
</testsuite> <!-- testNgDemo.NewTest -->
